time="2025-03-06T11:12:43+08:00" level=fatal msg="listen tcp 127.0.0.1:50051: bind: Only one usage of each socket address (protocol/network address/port) is normally permitted." file="D:/!codeWorkset/Goland/src/enterprise-project1-mediahub/shorturl/shorturl-server/main.go:39" func=main.main
time="2025-03-11T17:11:11+08:00" level=error msg="dial tcp 192.168.0.1:3306: connectex: No connection could be made because the target machine actively refused it." file="D:/!codeWorkset/Goland/src/enterprise-project1-mediahub/shorturl/shorturl-server/data/url_map.go:139" func="shorturl/shorturl-server/data.(*urlMapData).GetByOriginal"
time="2025-03-11T17:11:11+08:00" level=error msg="dial tcp 192.168.0.1:3306: connectex: No connection could be made because the target machine actively refused it." file="D:/!codeWorkset/Goland/src/enterprise-project1-mediahub/shorturl/shorturl-server/server/server.go:67" func="shorturl/shorturl-server/server.(*shortUrlService).GetShortUrl"
time="2025-03-11T17:11:58+08:00" level=error msg="dial tcp 192.168.0.1:3306: connectex: No connection could be made because the target machine actively refused it." file="D:/!codeWorkset/Goland/src/enterprise-project1-mediahub/shorturl/shorturl-server/data/url_map.go:139" func="shorturl/shorturl-server/data.(*urlMapData).GetByOriginal"
time="2025-03-11T17:11:58+08:00" level=error msg="dial tcp 192.168.0.1:3306: connectex: No connection could be made because the target machine actively refused it." file="D:/!codeWorkset/Goland/src/enterprise-project1-mediahub/shorturl/shorturl-server/server/server.go:67" func="shorturl/shorturl-server/server.(*shortUrlService).GetShortUrl"
time="2025-03-11T17:16:59+08:00" level=error msg="dial tcp 192.168.0.1:3306: connectex: No connection could be made because the target machine actively refused it." file="D:/!codeWorkset/Goland/src/enterprise-project1-mediahub/shorturl/shorturl-server/data/url_map.go:139" func="shorturl/shorturl-server/data.(*urlMapData).GetByOriginal"
time="2025-03-11T17:16:59+08:00" level=error msg="dial tcp 192.168.0.1:3306: connectex: No connection could be made because the target machine actively refused it." file="D:/!codeWorkset/Goland/src/enterprise-project1-mediahub/shorturl/shorturl-server/server/server.go:67" func="shorturl/shorturl-server/server.(*shortUrlService).GetShortUrl"
time="2025-03-11T17:28:34+08:00" level=error msg="dial tcp 192.168.0.1:3306: connectex: No connection could be made because the target machine actively refused it." file="D:/!codeWorkset/Goland/src/enterprise-project1-mediahub/shorturl/shorturl-server/data/url_map.go:139" func="shorturl/shorturl-server/data.(*urlMapData).GetByOriginal"
time="2025-03-11T17:28:34+08:00" level=error msg="dial tcp 192.168.0.1:3306: connectex: No connection could be made because the target machine actively refused it." file="D:/!codeWorkset/Goland/src/enterprise-project1-mediahub/shorturl/shorturl-server/server/server.go:67" func="shorturl/shorturl-server/server.(*shortUrlService).GetShortUrl"
time="2025-03-11T17:29:37+08:00" level=error msg="Error 1136 (21S01): Column count doesn't match value count at row 1" file="D:/!codeWorkset/Goland/src/enterprise-project1-mediahub/shorturl/shorturl-server/data/url_map.go:77" func="shorturl/shorturl-server/data.(*urlMapData).GenerateID"
time="2025-03-11T17:29:37+08:00" level=error msg="Error 1136 (21S01): Column count doesn't match value count at row 1" file="D:/!codeWorkset/Goland/src/enterprise-project1-mediahub/shorturl/shorturl-server/server/server.go:75" func="shorturl/shorturl-server/server.(*shortUrlService).GetShortUrl"
time="2025-03-16T17:16:59+08:00" level=error msg="短链非法" file="D:/!codeWorkset/Goland/src/enterprise-project1-mediahub/shorturl/shorturl-server/server/server.go:242" func="shorturl/shorturl-server/server.(*shortUrlService).idFilter"
time="2025-03-16T17:16:59+08:00" level=error msg="短链非法" file="D:/!codeWorkset/Goland/src/enterprise-project1-mediahub/shorturl/shorturl-server/server/server.go:174" func="shorturl/shorturl-server/server.(*shortUrlService).GetOriginalUrl"
time="2025-03-16T17:17:54+08:00" level=error msg="短链非法" file="D:/!codeWorkset/Goland/src/enterprise-project1-mediahub/shorturl/shorturl-server/server/server.go:242" func="shorturl/shorturl-server/server.(*shortUrlService).idFilter"
time="2025-03-16T17:17:54+08:00" level=error msg="短链非法" file="D:/!codeWorkset/Goland/src/enterprise-project1-mediahub/shorturl/shorturl-server/server/server.go:174" func="shorturl/shorturl-server/server.(*shortUrlService).GetOriginalUrl"
time="2025-03-16T17:19:40+08:00" level=error msg="短链非法" file="D:/!codeWorkset/Goland/src/enterprise-project1-mediahub/shorturl/shorturl-server/server/server.go:244" func="shorturl/shorturl-server/server.(*shortUrlService).idFilter"
time="2025-03-16T17:19:40+08:00" level=error msg="短链非法" file="D:/!codeWorkset/Goland/src/enterprise-project1-mediahub/shorturl/shorturl-server/server/server.go:175" func="shorturl/shorturl-server/server.(*shortUrlService).GetOriginalUrl"
time="2025-03-16T17:20:31+08:00" level=error msg="短链非法" file="D:/!codeWorkset/Goland/src/enterprise-project1-mediahub/shorturl/shorturl-server/server/server.go:244" func="shorturl/shorturl-server/server.(*shortUrlService).idFilter"
time="2025-03-16T17:20:31+08:00" level=error msg="短链非法" file="D:/!codeWorkset/Goland/src/enterprise-project1-mediahub/shorturl/shorturl-server/server/server.go:175" func="shorturl/shorturl-server/server.(*shortUrlService).GetOriginalUrl"
time="2025-03-16T17:39:55+08:00" level=error msg="短链非法" file="D:/!codeWorkset/Goland/src/enterprise-project1-mediahub/shorturl/shorturl-server/server/server.go:244" func="shorturl/shorturl-server/server.(*shortUrlService).idFilter"
time="2025-03-16T17:39:55+08:00" level=error msg="短链非法" file="D:/!codeWorkset/Goland/src/enterprise-project1-mediahub/shorturl/shorturl-server/server/server.go:175" func="shorturl/shorturl-server/server.(*shortUrlService).GetOriginalUrl"
time="2025-03-16T17:41:45+08:00" level=error msg="短链非法" file="D:/!codeWorkset/Goland/src/enterprise-project1-mediahub/shorturl/shorturl-server/server/server.go:244" func="shorturl/shorturl-server/server.(*shortUrlService).idFilter"
time="2025-03-16T17:41:45+08:00" level=error msg="短链非法" file="D:/!codeWorkset/Goland/src/enterprise-project1-mediahub/shorturl/shorturl-server/server/server.go:175" func="shorturl/shorturl-server/server.(*shortUrlService).GetOriginalUrl"
time="2025-03-16T17:42:38+08:00" level=error msg="短链非法" file="D:/!codeWorkset/Goland/src/enterprise-project1-mediahub/shorturl/shorturl-server/server/server.go:244" func="shorturl/shorturl-server/server.(*shortUrlService).idFilter"
time="2025-03-16T17:42:38+08:00" level=error msg="短链非法" file="D:/!codeWorkset/Goland/src/enterprise-project1-mediahub/shorturl/shorturl-server/server/server.go:175" func="shorturl/shorturl-server/server.(*shortUrlService).GetOriginalUrl"
time="2025-03-16T17:46:13+08:00" level=error msg="短链非法" file="D:/!codeWorkset/Goland/src/enterprise-project1-mediahub/shorturl/shorturl-server/server/server.go:244" func="shorturl/shorturl-server/server.(*shortUrlService).idFilter"
time="2025-03-16T17:46:13+08:00" level=error msg="短链非法" file="D:/!codeWorkset/Goland/src/enterprise-project1-mediahub/shorturl/shorturl-server/server/server.go:175" func="shorturl/shorturl-server/server.(*shortUrlService).GetOriginalUrl"
time="2025-03-16T17:46:17+08:00" level=error msg="短链非法" file="D:/!codeWorkset/Goland/src/enterprise-project1-mediahub/shorturl/shorturl-server/server/server.go:244" func="shorturl/shorturl-server/server.(*shortUrlService).idFilter"
time="2025-03-16T17:46:17+08:00" level=error msg="短链非法" file="D:/!codeWorkset/Goland/src/enterprise-project1-mediahub/shorturl/shorturl-server/server/server.go:175" func="shorturl/shorturl-server/server.(*shortUrlService).GetOriginalUrl"
time="2025-03-16T17:48:52+08:00" level=error msg="短链非法" file="D:/!codeWorkset/Goland/src/enterprise-project1-mediahub/shorturl/shorturl-server/server/server.go:244" func="shorturl/shorturl-server/server.(*shortUrlService).idFilter"
time="2025-03-16T17:48:52+08:00" level=error msg="短链非法" file="D:/!codeWorkset/Goland/src/enterprise-project1-mediahub/shorturl/shorturl-server/server/server.go:175" func="shorturl/shorturl-server/server.(*shortUrlService).GetOriginalUrl"
time="2025-03-16T17:50:47+08:00" level=error msg="短链非法" file="D:/!codeWorkset/Goland/src/enterprise-project1-mediahub/shorturl/shorturl-server/server/server.go:244" func="shorturl/shorturl-server/server.(*shortUrlService).idFilter"
time="2025-03-16T17:50:47+08:00" level=error msg="短链非法" file="D:/!codeWorkset/Goland/src/enterprise-project1-mediahub/shorturl/shorturl-server/server/server.go:175" func="shorturl/shorturl-server/server.(*shortUrlService).GetOriginalUrl"
time="2025-03-16T18:02:04+08:00" level=error msg="短链非法" file="D:/!codeWorkset/Goland/src/enterprise-project1-mediahub/shorturl/shorturl-server/server/server.go:244" func="shorturl/shorturl-server/server.(*shortUrlService).idFilter"
time="2025-03-16T18:02:04+08:00" level=error msg="短链非法" file="D:/!codeWorkset/Goland/src/enterprise-project1-mediahub/shorturl/shorturl-server/server/server.go:175" func="shorturl/shorturl-server/server.(*shortUrlService).GetOriginalUrl"
time="2025-03-16T18:04:06+08:00" level=error msg="短链非法" file="D:/!codeWorkset/Goland/src/enterprise-project1-mediahub/shorturl/shorturl-server/server/server.go:244" func="shorturl/shorturl-server/server.(*shortUrlService).idFilter"
time="2025-03-16T18:04:06+08:00" level=error msg="短链非法" file="D:/!codeWorkset/Goland/src/enterprise-project1-mediahub/shorturl/shorturl-server/server/server.go:175" func="shorturl/shorturl-server/server.(*shortUrlService).GetOriginalUrl"
time="2025-03-16T18:05:27+08:00" level=error msg="短链非法" file="D:/!codeWorkset/Goland/src/enterprise-project1-mediahub/shorturl/shorturl-server/server/server.go:244" func="shorturl/shorturl-server/server.(*shortUrlService).idFilter"
time="2025-03-16T18:05:27+08:00" level=error msg="短链非法" file="D:/!codeWorkset/Goland/src/enterprise-project1-mediahub/shorturl/shorturl-server/server/server.go:175" func="shorturl/shorturl-server/server.(*shortUrlService).GetOriginalUrl"
time="2025-03-16T18:05:55+08:00" level=error msg="短链非法" file="D:/!codeWorkset/Goland/src/enterprise-project1-mediahub/shorturl/shorturl-server/server/server.go:244" func="shorturl/shorturl-server/server.(*shortUrlService).idFilter"
time="2025-03-16T18:05:55+08:00" level=error msg="短链非法" file="D:/!codeWorkset/Goland/src/enterprise-project1-mediahub/shorturl/shorturl-server/server/server.go:175" func="shorturl/shorturl-server/server.(*shortUrlService).GetOriginalUrl"
time="2025-03-16T18:05:58+08:00" level=error msg="Error 1146 (42S02): Table 'mediahub.shorturl_url_map' doesn't exist" file="D:/!codeWorkset/Goland/src/enterprise-project1-mediahub/shorturl/shorturl-server/data/url_map.go:160" func="shorturl/shorturl-server/data.(*urlMapData).IncrementTimes"
time="2025-03-16T18:05:58+08:00" level=warning msg="Error 1146 (42S02): Table 'mediahub.shorturl_url_map' doesn't exist" file="D:/!codeWorkset/Goland/src/enterprise-project1-mediahub/shorturl/shorturl-server/server/server.go:197" func="shorturl/shorturl-server/server.(*shortUrlService).GetOriginalUrl"
time="2025-03-16T18:06:04+08:00" level=error msg="短链非法" file="D:/!codeWorkset/Goland/src/enterprise-project1-mediahub/shorturl/shorturl-server/server/server.go:244" func="shorturl/shorturl-server/server.(*shortUrlService).idFilter"
time="2025-03-16T18:06:04+08:00" level=error msg="短链非法" file="D:/!codeWorkset/Goland/src/enterprise-project1-mediahub/shorturl/shorturl-server/server/server.go:175" func="shorturl/shorturl-server/server.(*shortUrlService).GetOriginalUrl"
time="2025-03-16T18:06:07+08:00" level=error msg="短链非法" file="D:/!codeWorkset/Goland/src/enterprise-project1-mediahub/shorturl/shorturl-server/server/server.go:244" func="shorturl/shorturl-server/server.(*shortUrlService).idFilter"
time="2025-03-16T18:06:07+08:00" level=error msg="短链非法" file="D:/!codeWorkset/Goland/src/enterprise-project1-mediahub/shorturl/shorturl-server/server/server.go:175" func="shorturl/shorturl-server/server.(*shortUrlService).GetOriginalUrl"
time="2025-03-16T18:07:52+08:00" level=error msg="短链非法" file="D:/!codeWorkset/Goland/src/enterprise-project1-mediahub/shorturl/shorturl-server/server/server.go:244" func="shorturl/shorturl-server/server.(*shortUrlService).idFilter"
time="2025-03-16T18:07:52+08:00" level=error msg="短链非法" file="D:/!codeWorkset/Goland/src/enterprise-project1-mediahub/shorturl/shorturl-server/server/server.go:175" func="shorturl/shorturl-server/server.(*shortUrlService).GetOriginalUrl"
time="2025-03-16T18:07:56+08:00" level=error msg="短链非法" file="D:/!codeWorkset/Goland/src/enterprise-project1-mediahub/shorturl/shorturl-server/server/server.go:244" func="shorturl/shorturl-server/server.(*shortUrlService).idFilter"
time="2025-03-16T18:07:56+08:00" level=error msg="短链非法" file="D:/!codeWorkset/Goland/src/enterprise-project1-mediahub/shorturl/shorturl-server/server/server.go:175" func="shorturl/shorturl-server/server.(*shortUrlService).GetOriginalUrl"
time="2025-03-16T18:07:59+08:00" level=error msg="短链非法" file="D:/!codeWorkset/Goland/src/enterprise-project1-mediahub/shorturl/shorturl-server/server/server.go:244" func="shorturl/shorturl-server/server.(*shortUrlService).idFilter"
time="2025-03-16T18:07:59+08:00" level=error msg="短链非法" file="D:/!codeWorkset/Goland/src/enterprise-project1-mediahub/shorturl/shorturl-server/server/server.go:175" func="shorturl/shorturl-server/server.(*shortUrlService).GetOriginalUrl"
time="2025-03-16T18:18:07+08:00" level=error msg="短链非法" file="D:/!codeWorkset/Goland/src/enterprise-project1-mediahub/shorturl/shorturl-server/server/server.go:244" func="shorturl/shorturl-server/server.(*shortUrlService).idFilter"
time="2025-03-16T18:18:07+08:00" level=error msg="短链非法" file="D:/!codeWorkset/Goland/src/enterprise-project1-mediahub/shorturl/shorturl-server/server/server.go:175" func="shorturl/shorturl-server/server.(*shortUrlService).GetOriginalUrl"
time="2025-03-16T18:20:11+08:00" level=error msg="短链非法" file="D:/!codeWorkset/Goland/src/enterprise-project1-mediahub/shorturl/shorturl-server/server/server.go:245" func="shorturl/shorturl-server/server.(*shortUrlService).idFilter"
time="2025-03-16T18:20:11+08:00" level=error msg="短链非法" file="D:/!codeWorkset/Goland/src/enterprise-project1-mediahub/shorturl/shorturl-server/server/server.go:175" func="shorturl/shorturl-server/server.(*shortUrlService).GetOriginalUrl"
time="2025-03-16T18:25:52+08:00" level=error msg="短链非法" file="D:/!codeWorkset/Goland/src/enterprise-project1-mediahub/shorturl/shorturl-server/server/server.go:245" func="shorturl/shorturl-server/server.(*shortUrlService).idFilter"
time="2025-03-16T18:25:52+08:00" level=error msg="短链非法" file="D:/!codeWorkset/Goland/src/enterprise-project1-mediahub/shorturl/shorturl-server/server/server.go:175" func="shorturl/shorturl-server/server.(*shortUrlService).GetOriginalUrl"
time="2025-03-16T18:28:26+08:00" level=error msg="短链非法" file="D:/!codeWorkset/Goland/src/enterprise-project1-mediahub/shorturl/shorturl-server/server/server.go:246" func="shorturl/shorturl-server/server.(*shortUrlService).idFilter"
time="2025-03-16T18:28:26+08:00" level=error msg="短链非法" file="D:/!codeWorkset/Goland/src/enterprise-project1-mediahub/shorturl/shorturl-server/server/server.go:175" func="shorturl/shorturl-server/server.(*shortUrlService).GetOriginalUrl"
time="2025-03-16T19:05:09+08:00" level=error msg="短链非法" file="D:/!codeWorkset/Goland/src/enterprise-project1-mediahub/shorturl/shorturl-server/server/server.go:246" func="shorturl/shorturl-server/server.(*shortUrlService).idFilter"
time="2025-03-16T19:05:09+08:00" level=error msg="短链非法" file="D:/!codeWorkset/Goland/src/enterprise-project1-mediahub/shorturl/shorturl-server/server/server.go:175" func="shorturl/shorturl-server/server.(*shortUrlService).GetOriginalUrl"
time="2025-03-16T19:05:22+08:00" level=error msg="短链非法" file="D:/!codeWorkset/Goland/src/enterprise-project1-mediahub/shorturl/shorturl-server/server/server.go:246" func="shorturl/shorturl-server/server.(*shortUrlService).idFilter"
time="2025-03-16T19:05:22+08:00" level=error msg="短链非法" file="D:/!codeWorkset/Goland/src/enterprise-project1-mediahub/shorturl/shorturl-server/server/server.go:175" func="shorturl/shorturl-server/server.(*shortUrlService).GetOriginalUrl"
time="2025-03-16T19:05:55+08:00" level=error msg="短链非法" file="D:/!codeWorkset/Goland/src/enterprise-project1-mediahub/shorturl/shorturl-server/server/server.go:246" func="shorturl/shorturl-server/server.(*shortUrlService).idFilter"
time="2025-03-16T19:05:55+08:00" level=error msg="短链非法" file="D:/!codeWorkset/Goland/src/enterprise-project1-mediahub/shorturl/shorturl-server/server/server.go:176" func="shorturl/shorturl-server/server.(*shortUrlService).GetOriginalUrl"
time="2025-03-16T19:07:27+08:00" level=error msg="短链非法" file="D:/!codeWorkset/Goland/src/enterprise-project1-mediahub/shorturl/shorturl-server/server/server.go:246" func="shorturl/shorturl-server/server.(*shortUrlService).idFilter"
time="2025-03-16T19:07:27+08:00" level=error msg="短链非法" file="D:/!codeWorkset/Goland/src/enterprise-project1-mediahub/shorturl/shorturl-server/server/server.go:176" func="shorturl/shorturl-server/server.(*shortUrlService).GetOriginalUrl"
time="2025-03-16T19:07:27+08:00" level=error msg="短链非法" file="D:/!codeWorkset/Goland/src/enterprise-project1-mediahub/shorturl/shorturl-server/server/server.go:246" func="shorturl/shorturl-server/server.(*shortUrlService).idFilter"
time="2025-03-16T19:07:27+08:00" level=error msg="短链非法" file="D:/!codeWorkset/Goland/src/enterprise-project1-mediahub/shorturl/shorturl-server/server/server.go:176" func="shorturl/shorturl-server/server.(*shortUrlService).GetOriginalUrl"
time="2025-03-16T19:16:27+08:00" level=error msg="短链非法" file="D:/!codeWorkset/Goland/src/enterprise-project1-mediahub/shorturl/shorturl-server/server/server.go:246" func="shorturl/shorturl-server/server.(*shortUrlService).idFilter"
time="2025-03-16T19:16:27+08:00" level=error msg="短链非法" file="D:/!codeWorkset/Goland/src/enterprise-project1-mediahub/shorturl/shorturl-server/server/server.go:176" func="shorturl/shorturl-server/server.(*shortUrlService).GetOriginalUrl"
time="2025-03-16T19:16:32+08:00" level=error msg="短链非法" file="D:/!codeWorkset/Goland/src/enterprise-project1-mediahub/shorturl/shorturl-server/server/server.go:246" func="shorturl/shorturl-server/server.(*shortUrlService).idFilter"
time="2025-03-16T19:16:32+08:00" level=error msg="短链非法" file="D:/!codeWorkset/Goland/src/enterprise-project1-mediahub/shorturl/shorturl-server/server/server.go:176" func="shorturl/shorturl-server/server.(*shortUrlService).GetOriginalUrl"
time="2025-03-16T19:25:19+08:00" level=error msg="短链非法" file="D:/!codeWorkset/Goland/src/enterprise-project1-mediahub/shorturl/shorturl-server/server/server.go:246" func="shorturl/shorturl-server/server.(*shortUrlService).idFilter"
time="2025-03-16T19:25:19+08:00" level=error msg="短链非法" file="D:/!codeWorkset/Goland/src/enterprise-project1-mediahub/shorturl/shorturl-server/server/server.go:176" func="shorturl/shorturl-server/server.(*shortUrlService).GetOriginalUrl"
time="2025-03-16T19:25:19+08:00" level=error msg="短链非法" file="D:/!codeWorkset/Goland/src/enterprise-project1-mediahub/shorturl/shorturl-server/server/server.go:246" func="shorturl/shorturl-server/server.(*shortUrlService).idFilter"
time="2025-03-16T19:25:19+08:00" level=error msg="短链非法" file="D:/!codeWorkset/Goland/src/enterprise-project1-mediahub/shorturl/shorturl-server/server/server.go:176" func="shorturl/shorturl-server/server.(*shortUrlService).GetOriginalUrl"
time="2025-04-14T17:26:07+08:00" level=info msg="开始预热短链接缓存..." file="D:/!codeWorkset/Goland/src/enterprise-project1-mediahub/shorturl/shorturl-server/cache/warmup.go:44" func="shorturl/shorturl-server/cache.(*ShortUrlCacheWarmer).Warmup"
time="2025-04-14T17:26:07+08:00" level=error msg="Error 1054 (42S22): Unknown column 'user_id' in 'field list'" file="D:/!codeWorkset/Goland/src/enterprise-project1-mediahub/shorturl/shorturl-server/data/url_map.go:180" func="shorturl/shorturl-server/data.(*urlMapData).GetTopUrls"
time="2025-04-14T17:26:07+08:00" level=error msg="Error 1054 (42S22): Unknown column 'user_id' in 'field list'" file="D:/!codeWorkset/Goland/src/enterprise-project1-mediahub/shorturl/shorturl-server/cache/warmup.go:48" func="shorturl/shorturl-server/cache.(*ShortUrlCacheWarmer).Warmup"
time="2025-04-14T17:26:07+08:00" level=error msg="Error 1054 (42S22): Unknown column 'user_id' in 'field list'" file="D:/!codeWorkset/Goland/src/enterprise-project1-mediahub/shorturl/shorturl-server/server/server.go:67" func="shorturl/shorturl-server/server.(*shortUrlService).startCacheWarmup"
time="2025-04-14T17:30:38+08:00" level=info msg="开始预热短链接缓存..." file="D:/!codeWorkset/Goland/src/enterprise-project1-mediahub/shorturl/shorturl-server/cache/warmup.go:44" func="shorturl/shorturl-server/cache.(*ShortUrlCacheWarmer).Warmup"
time="2025-04-14T17:30:38+08:00" level=info msg="短链接缓存预热完成" file="D:/!codeWorkset/Goland/src/enterprise-project1-mediahub/shorturl/shorturl-server/cache/warmup.go:58" func="shorturl/shorturl-server/cache.(*ShortUrlCacheWarmer).Warmup"
